<?xml version="1.0" encoding="UTF-8"?>
<!-- Generated by org.testng.reporters.JUnitReportReporter -->
<testsuite ignored="0" hostname="del1-lhp-n68376" failures="0" tests="3" name="com.test.CircPro_LoginTest" time="14.491" errors="0" timestamp="28 Apr 2020 23:22:58 GMT" skipped="0">
  <testcase classname="com.test.CircPro_LoginTest" name="login_circPro" time="6.286"/>
  <testcase classname="com.test.CircPro_LoginTest" name="invalid_loginblank" time="3.648"/>
  <testcase classname="com.test.CircPro_LoginTest" name="invalid_login" time="4.557"/>
</testsuite> <!-- com.test.CircPro_LoginTest -->
