<?xml version="1.0" encoding="UTF-8"?>
<!-- Generated by org.testng.reporters.JUnitReportReporter -->
<testsuite ignored="0" hostname="del1-lhp-n68376" failures="0" tests="1" name="com.test.CircPro_RoutesTest" time="41.459" errors="0" timestamp="28 Apr 2020 23:25:49 GMT" skipped="0">
  <testcase classname="com.test.CircPro_RoutesTest" name="navigation_routes" time="41.459"/>
</testsuite> <!-- com.test.CircPro_RoutesTest -->
