<?xml version="1.0" encoding="UTF-8"?>
<!-- Generated by org.testng.reporters.JUnitReportReporter -->
<testsuite ignored="0" hostname="del1-lhp-n68376" failures="0" tests="8" name="com.test.CircPro_ReportsBundleTopsManifestsTest" time="407.512" errors="0" timestamp="28 Apr 2020 23:34:23 GMT" skipped="0">
  <testcase classname="com.test.CircPro_ReportsBundleTopsManifestsTest" name="reports_manifest_aamReport" time="52.661"/>
  <testcase classname="com.test.CircPro_ReportsBundleTopsManifestsTest" name="reports_CriteriaBasedListing" time="56.800"/>
  <testcase classname="com.test.CircPro_ReportsBundleTopsManifestsTest" name="reports_manifest_deliveryTruckLoading" time="52.608"/>
  <testcase classname="com.test.CircPro_ReportsBundleTopsManifestsTest" name="reports_manifest_deliveryTruck" time="53.132"/>
  <testcase classname="com.test.CircPro_ReportsBundleTopsManifestsTest" name="reports_manifest_deliveryTruckRelay" time="23.831"/>
  <testcase classname="com.test.CircPro_ReportsBundleTopsManifestsTest" name="reports_NonSubListing" time="62.410"/>
  <testcase classname="com.test.CircPro_ReportsBundleTopsManifestsTest" name="reports_bundleTop" time="53.283"/>
  <testcase classname="com.test.CircPro_ReportsBundleTopsManifestsTest" name="reports_manifest_dailyCashDistributor" time="52.787"/>
</testsuite> <!-- com.test.CircPro_ReportsBundleTopsManifestsTest -->
