<?xml version="1.0" encoding="UTF-8"?>
<!-- Generated by org.testng.reporters.JUnitReportReporter -->
<testsuite ignored="0" hostname="del1-lhp-n68376" failures="0" tests="1" name="com.test.CircPro_MailLablesTest" time="28.100" errors="0" timestamp="28 Apr 2020 23:26:18 GMT" skipped="0">
  <testcase classname="com.test.CircPro_MailLablesTest" name="navigation_mailLables" time="28.100"/>
</testsuite> <!-- com.test.CircPro_MailLablesTest -->
