<?xml version="1.0" encoding="UTF-8"?>
<!-- Generated by org.testng.reporters.JUnitReportReporter -->
<testsuite ignored="0" hostname="del1-lhp-n68376" failures="0" tests="1" name="com.test.CircPro_SubscriptionTest" time="72.273" errors="0" timestamp="28 Apr 2020 23:24:11 GMT" skipped="0">
  <testcase classname="com.test.CircPro_SubscriptionTest" name="testMethod" time="72.273"/>
</testsuite> <!-- com.test.CircPro_SubscriptionTest -->
