<?xml version="1.0" encoding="UTF-8"?>
<!-- Generated by org.testng.reporters.JUnitReportReporter -->
<testsuite ignored="0" hostname="del1-lhp-n68376" failures="0" tests="1" name="com.test.CircPro_DistributionTest" time="55.563" errors="0" timestamp="28 Apr 2020 23:25:07 GMT" skipped="0">
  <testcase classname="com.test.CircPro_DistributionTest" name="testMethod" time="55.563"/>
</testsuite> <!-- com.test.CircPro_DistributionTest -->
